2024-08-22 23:31:55,079 - __main__ - ERROR - No resoure values returned. LW_Custom_Priv_Pod_Exec.yaml not updated
2024-08-22 23:31:55,747 - __main__ - ERROR - No resoure values returned. s3-tags.yaml not updated
2024-08-22 23:44:10,467 - __main__ - ERROR - No resoure values returned. LW_Custom_Priv_Pod_Exec.yaml not updated
2024-08-22 23:44:11,074 - __main__ - ERROR - No resoure values returned. s3-tags.yaml not updated
2024-08-22 23:46:58,037 - __main__ - ERROR - No resoure values returned. LW_Custom_Priv_Pod_Exec.yaml not updated
2024-08-22 23:46:58,738 - __main__ - ERROR - No resoure values returned. s3-tags.yaml not updated
2024-08-23 00:53:58,746 - __main__ - ERROR - No resoure values returned. LW_Custom_Priv_Pod_Exec.yaml not updated
2024-08-23 00:53:59,336 - __main__ - ERROR - No resoure values returned. s3-tags.yaml not updated
2024-08-24 00:52:53,858 - __main__ - ERROR - No resoure values returned. LW_Custom_Priv_Pod_Exec.yaml not updated
2024-08-24 00:52:54,450 - __main__ - ERROR - No resoure values returned. s3-tags.yaml not updated
2024-08-25 00:58:22,187 - __main__ - ERROR - No resoure values returned. LW_Custom_Priv_Pod_Exec.yaml not updated
2024-08-25 00:58:22,906 - __main__ - ERROR - No resoure values returned. s3-tags.yaml not updated
2024-08-26 00:54:51,839 - __main__ - ERROR - No resoure values returned. LW_Custom_Priv_Pod_Exec.yaml not updated
2024-08-26 00:54:52,350 - __main__ - ERROR - No resoure values returned. s3-tags.yaml not updated
2024-08-27 00:55:09,159 - __main__ - ERROR - No resoure values returned. LW_Custom_Priv_Pod_Exec.yaml not updated
2024-08-27 00:55:09,660 - __main__ - ERROR - No resoure values returned. s3-tags.yaml not updated
2024-08-28 00:55:34,170 - __main__ - ERROR - No resoure values returned. LW_Custom_Priv_Pod_Exec.yaml not updated
2024-08-28 00:55:34,857 - __main__ - ERROR - No resoure values returned. LW_Global_Host_Activity_Attempted_Cron_Job_Creation_Prod_Only.yaml not updated
2024-08-28 00:55:35,586 - __main__ - ERROR - No resoure values returned. s3-tags.yaml not updated
2024-08-28 03:56:54,003 - __main__ - ERROR - No resoure values returned. LW_Custom_Priv_Pod_Exec.yaml not updated
2024-08-28 03:56:55,097 - __main__ - INFO - LW_Custom_Host_Activity_AttemptedCronJobCreation_Prod_Only successfully updated.
2024-08-28 03:56:55,517 - __main__ - ERROR - No resoure values returned. s3-tags.yaml not updated
2024-08-28 14:10:32,929 - __main__ - ERROR - No resoure values returned. LW_Custom_Priv_Pod_Exec.yaml not updated
2024-08-28 14:10:34,749 - __main__ - INFO - LW_Custom_Host_Activity_AttemptedCronJobCreation_Prod_Only successfully updated.
2024-08-28 15:37:32,745 - __main__ - ERROR - No resource values returned. LW_Custom_Priv_Pod_Exec.yaml not updated
2024-08-28 15:37:33,983 - __main__ - INFO - LW_Custom_Host_Activity_AttemptedCronJobCreation_Prod_Only successfully updated.
2024-08-29 00:55:53,088 - __main__ - ERROR - No resource values returned. LW_Custom_Priv_Pod_Exec.yaml not updated
2024-08-29 00:55:54,124 - __main__ - INFO - LW_Custom_Host_Activity_AttemptedCronJobCreation_Prod_Only successfully updated.
2024-08-30 00:56:14,776 - __main__ - ERROR - No resource values returned. LW_Custom_Priv_Pod_Exec.yaml not updated
2024-08-30 00:56:15,827 - __main__ - ERROR - No resource values returned. LW_Global_Host_Activity_Attempted_Cron_Job_Creation_Prod_Only.yaml not updated
2024-08-31 00:55:57,673 - __main__ - ERROR - No resource values returned. LW_Custom_Priv_Pod_Exec.yaml not updated
2024-08-31 00:55:58,354 - __main__ - ERROR - No resource values returned. LW_Global_Host_Activity_Attempted_Cron_Job_Creation_Prod_Only.yaml not updated
2024-09-01 01:05:11,902 - __main__ - ERROR - No resource values returned. LW_Custom_Priv_Pod_Exec.yaml not updated
2024-09-01 01:05:12,642 - __main__ - ERROR - No resource values returned. LW_Global_Host_Activity_Attempted_Cron_Job_Creation_Prod_Only.yaml not updated
2024-09-02 00:57:30,087 - __main__ - ERROR - No resource values returned. LW_Custom_Priv_Pod_Exec.yaml not updated
2024-09-02 00:57:30,667 - __main__ - ERROR - No resource values returned. LW_Global_Host_Activity_Attempted_Cron_Job_Creation_Prod_Only.yaml not updated
2024-09-03 00:55:45,597 - __main__ - ERROR - No resource values returned. LW_Custom_Priv_Pod_Exec.yaml not updated
2024-09-03 00:55:46,148 - __main__ - ERROR - No resource values returned. LW_Global_Host_Activity_Attempted_Cron_Job_Creation_Prod_Only.yaml not updated
2024-09-04 00:56:33,987 - __main__ - ERROR - No resource values returned. LW_Custom_Priv_Pod_Exec.yaml not updated
2024-09-04 00:56:34,393 - __main__ - ERROR - No resource values returned. LW_Global_Host_Activity_Attempted_Cron_Job_Creation_Prod_Only.yaml not updated
2024-09-05 00:56:31,046 - __main__ - ERROR - No resource values returned. LW_Global_Host_Activity_Attempted_Cron_Job_Creation_Prod_Only.yaml not updated
2024-09-05 00:56:31,653 - __main__ - ERROR - No resource values returned. LW_Custom_Priv_Pod_Exec.yaml not updated
2024-09-06 00:56:34,639 - __main__ - ERROR - No resource values returned. LW_Global_Host_Activity_Attempted_Cron_Job_Creation_Prod_Only.yaml not updated
2024-09-06 00:56:35,412 - __main__ - ERROR - No resource values returned. LW_Custom_Priv_Pod_Exec.yaml not updated
2024-09-07 00:55:34,769 - __main__ - ERROR - No resource values returned. LW_Global_Host_Activity_Attempted_Cron_Job_Creation_Prod_Only.yaml not updated
2024-09-07 00:55:35,440 - __main__ - ERROR - No resource values returned. LW_Custom_Priv_Pod_Exec.yaml not updated
2024-09-08 01:01:11,443 - __main__ - ERROR - No resource values returned. LW_Global_Host_Activity_Attempted_Cron_Job_Creation_Prod_Only.yaml not updated
2024-09-08 01:01:12,066 - __main__ - ERROR - No resource values returned. LW_Custom_Priv_Pod_Exec.yaml not updated
